


ARM Macro Assembler    Page 1 


    1 00000000         ;*******************************************************
                       *******************
    2 00000000         ;* @file     startup_at32m412_416.s
    3 00000000         ;* @brief    at32m412_416 startup file for keil
    4 00000000         ;* <<< Use Configuration Wizard in Context Menu >>>
    5 00000000         ;*******************************************************
                       *******************
    6 00000000         ;
    7 00000000         
    8 00000000         ; Amount of memory (in bytes) allocated for Stack
    9 00000000         ; Tailor this value to your application needs
   10 00000000         ; <h> Stack Configuration
   11 00000000         ;   <o> Stack Size (in Bytes) <0x0-0xFFFFFFFF:8>
   12 00000000         ; </h>
   13 00000000         
   14 00000000 00000400 
                       Stack_Size
                               EQU              0x00000400
   15 00000000         
   16 00000000                 AREA             STACK, NOINIT, READWRITE, ALIGN
=3
   17 00000000         Stack_Mem
                               SPACE            Stack_Size
   18 00000400         __initial_sp
   19 00000400         
   20 00000400         ; <h> Heap Configuration
   21 00000400         ;   <o>  Heap Size (in Bytes) <0x0-0xFFFFFFFF:8>
   22 00000400         ; </h>
   23 00000400         
   24 00000400 00000200 
                       Heap_Size
                               EQU              0x00000200
   25 00000400         
   26 00000400                 AREA             HEAP, NOINIT, READWRITE, ALIGN=
3
   27 00000000         __heap_base
   28 00000000         Heap_Mem
                               SPACE            Heap_Size
   29 00000200         __heap_limit
   30 00000200         
   31 00000200                 PRESERVE8
   32 00000200                 THUMB
   33 00000200         
   34 00000200         
   35 00000200         ; Vector Table Mapped to Address 0 at Reset
   36 00000200                 AREA             RESET, DATA, READONLY
   37 00000000                 EXPORT           __Vectors
   38 00000000                 EXPORT           __Vectors_End
   39 00000000                 EXPORT           __Vectors_Size
   40 00000000         
   41 00000000 00000000 
                       __Vectors
                               DCD              __initial_sp ; Top of Stack
   42 00000004 00000000        DCD              Reset_Handler ; Reset Handler
   43 00000008 00000000        DCD              NMI_Handler ; NMI Handler
   44 0000000C 00000000        DCD              HardFault_Handler ; Hard Fault 
                                                            Handler
   45 00000010 00000000        DCD              MemManage_Handler 
                                                            ; MPU Fault Handler



ARM Macro Assembler    Page 2 


                                                            
   46 00000014 00000000        DCD              BusFault_Handler 
                                                            ; Bus Fault Handler
                                                            
   47 00000018 00000000        DCD              UsageFault_Handler ; Usage Faul
                                                            t Handler
   48 0000001C 00000000        DCD              0           ; Reserved
   49 00000020 00000000        DCD              0           ; Reserved
   50 00000024 00000000        DCD              0           ; Reserved
   51 00000028 00000000        DCD              0           ; Reserved
   52 0000002C 00000000        DCD              SVC_Handler ; SVCall Handler
   53 00000030 00000000        DCD              DebugMon_Handler ; Debug Monito
                                                            r Handler
   54 00000034 00000000        DCD              0           ; Reserved
   55 00000038 00000000        DCD              PendSV_Handler ; PendSV Handler
                                                            
   56 0000003C 00000000        DCD              SysTick_Handler 
                                                            ; SysTick Handler
   57 00000040         
   58 00000040         ; External Interrupts
   59 00000040 00000000        DCD              WWDT_IRQHandler ; Window Watchd
                                                            og Timer
   60 00000044 00000000        DCD              PVM_IRQHandler ; PVM through EX
                                                            INT Line detect
   61 00000048 00000000        DCD              TAMP_STAMP_IRQHandler ; Tamper 
                                                            and TimeStamps thro
                                                            ugh the EXINT linen
                                                            e
   62 0000004C 00000000        DCD              ERTC_WKUP_IRQHandler ; ERTC Wak
                                                            eup through the EXI
                                                            NT line
   63 00000050 00000000        DCD              FLASH_IRQHandler ; Flash
   64 00000054 00000000        DCD              CRM_IRQHandler ; CRM
   65 00000058 00000000        DCD              EXINT0_IRQHandler 
                                                            ; EXINT Line 0
   66 0000005C 00000000        DCD              EXINT1_IRQHandler 
                                                            ; EXINT Line 1
   67 00000060 00000000        DCD              EXINT2_IRQHandler 
                                                            ; EXINT Line 2
   68 00000064 00000000        DCD              EXINT3_IRQHandler 
                                                            ; EXINT Line 3
   69 00000068 00000000        DCD              EXINT4_IRQHandler 
                                                            ; EXINT Line 4
   70 0000006C 00000000        DCD              DMA1_Channel1_IRQHandler 
                                                            ; DMA1 Channel 1
   71 00000070 00000000        DCD              DMA1_Channel2_IRQHandler 
                                                            ; DMA1 Channel 2
   72 00000074 00000000        DCD              DMA1_Channel3_IRQHandler 
                                                            ; DMA1 Channel 3
   73 00000078 00000000        DCD              DMA1_Channel4_IRQHandler 
                                                            ; DMA1 Channel 4
   74 0000007C 00000000        DCD              DMA1_Channel5_IRQHandler 
                                                            ; DMA1 Channel 5
   75 00000080 00000000        DCD              DMA1_Channel6_IRQHandler 
                                                            ; DMA1 Channel 6
   76 00000084 00000000        DCD              DMA1_Channel7_IRQHandler 
                                                            ; DMA1 Channel 7
   77 00000088 00000000        DCD              ADC1_2_IRQHandler ; ADC1 & 2
   78 0000008C 00000000        DCD              CAN1_TX_IRQHandler ; CAN1 TX



ARM Macro Assembler    Page 3 


   79 00000090 00000000        DCD              CAN1_RX_IRQHandler ; CAN1 RX 
   80 00000094 00000000        DCD              CAN1_STAT_IRQHandler 
                                                            ; CAN1 State 
   81 00000098 00000000        DCD              CAN1_ERR_IRQHandler 
                                                            ; CAN1 Error
   82 0000009C 00000000        DCD              EXINT9_5_IRQHandler 
                                                            ; EXINT Line [9:5]
   83 000000A0 00000000        DCD              TMR1_BRK_TMR9_IRQHandler ; TMR1
                                                             Brake and TMR9
   84 000000A4 00000000        DCD              TMR1_OVF_TMR10_IRQHandler ; TMR
                                                            1 Overflow and TMR1
                                                            0
   85 000000A8 00000000        DCD              TMR1_TRG_HALL_TMR11_IRQHandler 
                                                            ; TMR1 Trigger and 
                                                            hall and TMR11
   86 000000AC 00000000        DCD              TMR1_CH_IRQHandler 
                                                            ; TMR1 Channel
   87 000000B0 00000000        DCD              0           ; Reserved
   88 000000B4 00000000        DCD              TMR3_GLOBAL_IRQHandler ; TMR3
   89 000000B8 00000000        DCD              TMR4_GLOBAL_IRQHandler ; TMR4
   90 000000BC 00000000        DCD              I2C1_EVT_IRQHandler 
                                                            ; I2C1 Event
   91 000000C0 00000000        DCD              I2C1_ERR_IRQHandler 
                                                            ; I2C1 Error
   92 000000C4 00000000        DCD              I2C2_EVT_IRQHandler 
                                                            ; I2C2 Event
   93 000000C8 00000000        DCD              I2C2_ERR_IRQHandler 
                                                            ; I2C2 Error
   94 000000CC 00000000        DCD              SPI1_IRQHandler ; SPI1
   95 000000D0 00000000        DCD              SPI2_IRQHandler ; SPI2
   96 000000D4 00000000        DCD              USART1_IRQHandler ; USART1
   97 000000D8 00000000        DCD              USART2_IRQHandler ; USART2
   98 000000DC 00000000        DCD              0           ; Reserved
   99 000000E0 00000000        DCD              EXINT15_10_IRQHandler ; EXINT L
                                                            ine [15:10]
  100 000000E4 00000000        DCD              ERTCAlarm_IRQHandler ; ERTC Ala
                                                            rm through EXINT Li
                                                            ne
  101 000000E8 00000000        DCD              0           ; Reserved
  102 000000EC 00000000        DCD              0           ; Reserved
  103 000000F0 00000000        DCD              0           ; Reserved
  104 000000F4 00000000        DCD              0           ; Reserved
  105 000000F8 00000000        DCD              0           ; Reserved
  106 000000FC 00000000        DCD              0           ; Reserved
  107 00000100 00000000        DCD              0           ; Reserved
  108 00000104 00000000        DCD              0           ; Reserved
  109 00000108 00000000        DCD              0           ; Reserved
  110 0000010C 00000000        DCD              0           ; Reserved
  111 00000110 00000000        DCD              0           ; Reserved
  112 00000114 00000000        DCD              0           ; Reserved
  113 00000118 00000000        DCD              TMR6_DAC_GLOBAL_IRQHandler 
                                                            ; TMR6 & DAC
  114 0000011C 00000000        DCD              TMR7_GLOBAL_IRQHandler ; TMR7
  115 00000120 00000000        DCD              0           ; Reserved
  116 00000124 00000000        DCD              0           ; Reserved
  117 00000128 00000000        DCD              0           ; Reserved
  118 0000012C 00000000        DCD              0           ; Reserved
  119 00000130 00000000        DCD              0           ; Reserved
  120 00000134 00000000        DCD              0           ; Reserved



ARM Macro Assembler    Page 4 


  121 00000138 00000000        DCD              0           ; Reserved
  122 0000013C 00000000        DCD              0           ; Reserved
  123 00000140 00000000        DCD              CMP2_1_IRQHandler ; COMP 2 & 1 
                                                            
  124 00000144 00000000        DCD              0           ; Reserved
  125 00000148 00000000        DCD              0           ; Reserved
  126 0000014C 00000000        DCD              0           ; Reserved
  127 00000150 00000000        DCD              0           ; Reserved
  128 00000154 00000000        DCD              0           ; Reserved
  129 00000158 00000000        DCD              0           ; Reserved
  130 0000015C 00000000        DCD              0           ; Reserved
  131 00000160 00000000        DCD              0           ; Reserved
  132 00000164 00000000        DCD              0           ; Reserved
  133 00000168 00000000        DCD              0           ; Reserved
  134 0000016C 00000000        DCD              0           ; Reserved
  135 00000170 00000000        DCD              0           ; Reserved
  136 00000174 00000000        DCD              0           ; Reserved
  137 00000178 00000000        DCD              0           ; Reserved
  138 0000017C 00000000        DCD              0           ; Reserved
  139 00000180 00000000        DCD              0           ; Reserved
  140 00000184 00000000        DCD              FPU_IRQHandler ; FPU
  141 00000188 00000000        DCD              0           ; Reserved
  142 0000018C 00000000        DCD              0           ; Reserved
  143 00000190 00000000        DCD              0           ; Reserved
  144 00000194 00000000        DCD              0           ; Reserved
  145 00000198 00000000        DCD              0           ; Reserved
  146 0000019C 00000000        DCD              0           ; Reserved
  147 000001A0 00000000        DCD              0           ; Reserved
  148 000001A4 00000000        DCD              0           ; Reserved
  149 000001A8 00000000        DCD              0           ; Reserved
  150 000001AC 00000000        DCD              0           ; Reserved
  151 000001B0 00000000        DCD              0           ; Reserved
  152 000001B4 00000000        DCD              0           ; Reserved
  153 000001B8 00000000        DCD              DMAMUX_IRQHandler ; DMAMUX
  154 000001BC         __Vectors_End
  155 000001BC         
  156 000001BC 000001BC 
                       __Vectors_Size
                               EQU              __Vectors_End - __Vectors
  157 000001BC         
  158 000001BC                 AREA             |.text|, CODE, READONLY
  159 00000000         
  160 00000000         ; Reset handler
  161 00000000         Reset_Handler
                               PROC
  162 00000000                 EXPORT           Reset_Handler                  
     [WEAK]
  163 00000000                 IMPORT           __main
  164 00000000                 IMPORT           SystemInit
  165 00000000 4806            LDR              R0, =SystemInit
  166 00000002 4780            BLX              R0
  167 00000004 4806            LDR              R0, =__main
  168 00000006 4780            BLX              R0
  169 00000008                 ENDP
  170 00000008         
  171 00000008         ; Dummy Exception Handlers (infinite loops which can be 
                       modified)
  172 00000008         
  173 00000008         NMI_Handler



ARM Macro Assembler    Page 5 


                               PROC
  174 00000008                 EXPORT           NMI_Handler                    
     [WEAK]
  175 00000008 E7FE            B                .
  176 0000000A                 ENDP
  178 0000000A         HardFault_Handler
                               PROC
  179 0000000A                 EXPORT           HardFault_Handler              
     [WEAK]
  180 0000000A E7FE            B                .
  181 0000000C                 ENDP
  183 0000000C         MemManage_Handler
                               PROC
  184 0000000C                 EXPORT           MemManage_Handler              
     [WEAK]
  185 0000000C E7FE            B                .
  186 0000000E                 ENDP
  188 0000000E         BusFault_Handler
                               PROC
  189 0000000E                 EXPORT           BusFault_Handler               
     [WEAK]
  190 0000000E E7FE            B                .
  191 00000010                 ENDP
  193 00000010         UsageFault_Handler
                               PROC
  194 00000010                 EXPORT           UsageFault_Handler             
     [WEAK]
  195 00000010 E7FE            B                .
  196 00000012                 ENDP
  197 00000012         SVC_Handler
                               PROC
  198 00000012                 EXPORT           SVC_Handler                    
     [WEAK]
  199 00000012 E7FE            B                .
  200 00000014                 ENDP
  202 00000014         DebugMon_Handler
                               PROC
  203 00000014                 EXPORT           DebugMon_Handler               
     [WEAK]
  204 00000014 E7FE            B                .
  205 00000016                 ENDP
  206 00000016         PendSV_Handler
                               PROC
  207 00000016                 EXPORT           PendSV_Handler                 
     [WEAK]
  208 00000016 E7FE            B                .
  209 00000018                 ENDP
  210 00000018         SysTick_Handler
                               PROC
  211 00000018                 EXPORT           SysTick_Handler                
     [WEAK]
  212 00000018 E7FE            B                .
  213 0000001A                 ENDP
  214 0000001A         
  215 0000001A         Default_Handler
                               PROC
  216 0000001A                 EXPORT           WWDT_IRQHandler                
     [WEAK]
  217 0000001A                 EXPORT           PVM_IRQHandler                 



ARM Macro Assembler    Page 6 


     [WEAK]
  218 0000001A                 EXPORT           TAMP_STAMP_IRQHandler          
     [WEAK]
  219 0000001A                 EXPORT           ERTC_WKUP_IRQHandler           
     [WEAK]
  220 0000001A                 EXPORT           FLASH_IRQHandler               
     [WEAK]
  221 0000001A                 EXPORT           CRM_IRQHandler                 
     [WEAK]
  222 0000001A                 EXPORT           EXINT0_IRQHandler              
     [WEAK]
  223 0000001A                 EXPORT           EXINT1_IRQHandler              
     [WEAK]
  224 0000001A                 EXPORT           EXINT2_IRQHandler              
     [WEAK]
  225 0000001A                 EXPORT           EXINT3_IRQHandler              
     [WEAK]
  226 0000001A                 EXPORT           EXINT4_IRQHandler              
     [WEAK]
  227 0000001A                 EXPORT           DMA1_Channel1_IRQHandler       
     [WEAK]
  228 0000001A                 EXPORT           DMA1_Channel2_IRQHandler       
     [WEAK]
  229 0000001A                 EXPORT           DMA1_Channel3_IRQHandler       
     [WEAK]
  230 0000001A                 EXPORT           DMA1_Channel4_IRQHandler       
     [WEAK]
  231 0000001A                 EXPORT           DMA1_Channel5_IRQHandler       
     [WEAK]
  232 0000001A                 EXPORT           DMA1_Channel6_IRQHandler       
     [WEAK]
  233 0000001A                 EXPORT           DMA1_Channel7_IRQHandler       
     [WEAK]
  234 0000001A                 EXPORT           ADC1_2_IRQHandler              
     [WEAK]
  235 0000001A                 EXPORT           CAN1_TX_IRQHandler             
     [WEAK]
  236 0000001A                 EXPORT           CAN1_RX_IRQHandler             
     [WEAK]
  237 0000001A                 EXPORT           CAN1_STAT_IRQHandler           
     [WEAK]
  238 0000001A                 EXPORT           CAN1_ERR_IRQHandler            
     [WEAK]
  239 0000001A                 EXPORT           EXINT9_5_IRQHandler            
     [WEAK]
  240 0000001A                 EXPORT           TMR1_BRK_TMR9_IRQHandler       
     [WEAK]
  241 0000001A                 EXPORT           TMR1_OVF_TMR10_IRQHandler      
     [WEAK]
  242 0000001A                 EXPORT           TMR1_TRG_HALL_TMR11_IRQHandler 
     [WEAK]
  243 0000001A                 EXPORT           TMR1_CH_IRQHandler             
     [WEAK]
  244 0000001A                 EXPORT           TMR3_GLOBAL_IRQHandler         
     [WEAK]
  245 0000001A                 EXPORT           TMR4_GLOBAL_IRQHandler         
     [WEAK]
  246 0000001A                 EXPORT           I2C1_EVT_IRQHandler            
     [WEAK]



ARM Macro Assembler    Page 7 


  247 0000001A                 EXPORT           I2C1_ERR_IRQHandler            
     [WEAK]
  248 0000001A                 EXPORT           I2C2_EVT_IRQHandler            
     [WEAK]
  249 0000001A                 EXPORT           I2C2_ERR_IRQHandler            
     [WEAK]
  250 0000001A                 EXPORT           SPI1_IRQHandler                
     [WEAK]
  251 0000001A                 EXPORT           SPI2_IRQHandler                
     [WEAK]
  252 0000001A                 EXPORT           USART1_IRQHandler              
     [WEAK]
  253 0000001A                 EXPORT           USART2_IRQHandler              
     [WEAK]
  254 0000001A                 EXPORT           EXINT15_10_IRQHandler          
     [WEAK]
  255 0000001A                 EXPORT           ERTCAlarm_IRQHandler           
     [WEAK]
  256 0000001A                 EXPORT           TMR6_DAC_GLOBAL_IRQHandler     
     [WEAK]
  257 0000001A                 EXPORT           TMR7_GLOBAL_IRQHandler         
     [WEAK]
  258 0000001A                 EXPORT           CMP2_1_IRQHandler              
     [WEAK]
  259 0000001A                 EXPORT           FPU_IRQHandler                 
     [WEAK]
  260 0000001A                 EXPORT           DMAMUX_IRQHandler              
     [WEAK]
  261 0000001A         WWDT_IRQHandler
  262 0000001A         PVM_IRQHandler
  263 0000001A         TAMP_STAMP_IRQHandler
  264 0000001A         ERTC_WKUP_IRQHandler
  265 0000001A         FLASH_IRQHandler
  266 0000001A         CRM_IRQHandler
  267 0000001A         EXINT0_IRQHandler
  268 0000001A         EXINT1_IRQHandler
  269 0000001A         EXINT2_IRQHandler
  270 0000001A         EXINT3_IRQHandler
  271 0000001A         EXINT4_IRQHandler
  272 0000001A         DMA1_Channel1_IRQHandler
  273 0000001A         DMA1_Channel2_IRQHandler
  274 0000001A         DMA1_Channel3_IRQHandler
  275 0000001A         DMA1_Channel4_IRQHandler
  276 0000001A         DMA1_Channel5_IRQHandler
  277 0000001A         DMA1_Channel6_IRQHandler
  278 0000001A         DMA1_Channel7_IRQHandler
  279 0000001A         ADC1_2_IRQHandler
  280 0000001A         CAN1_TX_IRQHandler
  281 0000001A         CAN1_RX_IRQHandler
  282 0000001A         CAN1_STAT_IRQHandler
  283 0000001A         CAN1_ERR_IRQHandler
  284 0000001A         EXINT9_5_IRQHandler
  285 0000001A         TMR1_BRK_TMR9_IRQHandler
  286 0000001A         TMR1_OVF_TMR10_IRQHandler
  287 0000001A         TMR1_TRG_HALL_TMR11_IRQHandler
  288 0000001A         TMR1_CH_IRQHandler
  289 0000001A         TMR3_GLOBAL_IRQHandler
  290 0000001A         TMR4_GLOBAL_IRQHandler
  291 0000001A         I2C1_EVT_IRQHandler



ARM Macro Assembler    Page 8 


  292 0000001A         I2C1_ERR_IRQHandler
  293 0000001A         I2C2_EVT_IRQHandler
  294 0000001A         I2C2_ERR_IRQHandler
  295 0000001A         SPI1_IRQHandler
  296 0000001A         SPI2_IRQHandler
  297 0000001A         USART1_IRQHandler
  298 0000001A         USART2_IRQHandler
  299 0000001A         EXINT15_10_IRQHandler
  300 0000001A         ERTCAlarm_IRQHandler
  301 0000001A         TMR6_DAC_GLOBAL_IRQHandler
  302 0000001A         TMR7_GLOBAL_IRQHandler
  303 0000001A         CMP2_1_IRQHandler
  304 0000001A         FPU_IRQHandler
  305 0000001A         DMAMUX_IRQHandler
  306 0000001A E7FE            B                .
  307 0000001C         
  308 0000001C                 ENDP
  309 0000001C         
  310 0000001C                 ALIGN
  311 0000001C         
  312 0000001C         ;*******************************************************
                       ************************
  313 0000001C         ; User Stack and Heap initialization
  314 0000001C         ;*******************************************************
                       ************************
  315 0000001C                 IF               :DEF:__MICROLIB
  316 0000001C         
  317 0000001C                 EXPORT           __initial_sp
  318 0000001C                 EXPORT           __heap_base
  319 0000001C                 EXPORT           __heap_limit
  320 0000001C         
  321 0000001C                 ELSE
  336                          ENDIF
  337 0000001C         
  338 0000001C                 END
              00000000 
              00000000 
Command Line: --debug --xref --diag_suppress=9931 --cpu=Cortex-M4.fp.sp --apcs=
interwork --depend=.\objects\startup_at32m412_416.d -o.\objects\startup_at32m41
2_416.o -I.\RTE\_AT32M412CBT7_Lvgl -IC:\Users\Administrator\AppData\Local\Arm\P
acks\ARM\CMSIS\6.1.0\CMSIS\Core\Include -IC:\Users\Administrator\AppData\Local\
Arm\Packs\ArteryTek\AT32M412_416_DFP\2.0.2\Device\Include -IC:\Users\Administra
tor\AppData\Local\Arm\Packs\GorgonMeducer\perf_counter\2.4.0 --predefine="__MIC
ROLIB SETA 1" --predefine="__UVISION_VERSION SETA 538" --predefine="_RTE_ SETA 
1" --predefine="AT32M412CBT7 SETA 1" --predefine="_RTE_ SETA 1" --list=.\listin
gs\startup_at32m412_416.lst startup_at32m412_416.s



ARM Macro Assembler    Page 1 Alphabetic symbol ordering
Relocatable symbols

STACK 00000000

Symbol: STACK
   Definitions
      At line 16 in file startup_at32m412_416.s
   Uses
      None
Comment: STACK unused
Stack_Mem 00000000

Symbol: Stack_Mem
   Definitions
      At line 17 in file startup_at32m412_416.s
   Uses
      None
Comment: Stack_Mem unused
__initial_sp 00000400

Symbol: __initial_sp
   Definitions
      At line 18 in file startup_at32m412_416.s
   Uses
      At line 41 in file startup_at32m412_416.s
      At line 317 in file startup_at32m412_416.s

3 symbols



ARM Macro Assembler    Page 1 Alphabetic symbol ordering
Relocatable symbols

HEAP 00000000

Symbol: HEAP
   Definitions
      At line 26 in file startup_at32m412_416.s
   Uses
      None
Comment: HEAP unused
Heap_Mem 00000000

Symbol: Heap_Mem
   Definitions
      At line 28 in file startup_at32m412_416.s
   Uses
      None
Comment: Heap_Mem unused
__heap_base 00000000

Symbol: __heap_base
   Definitions
      At line 27 in file startup_at32m412_416.s
   Uses
      At line 318 in file startup_at32m412_416.s
Comment: __heap_base used once
__heap_limit 00000200

Symbol: __heap_limit
   Definitions
      At line 29 in file startup_at32m412_416.s
   Uses
      At line 319 in file startup_at32m412_416.s
Comment: __heap_limit used once
4 symbols



ARM Macro Assembler    Page 1 Alphabetic symbol ordering
Relocatable symbols

RESET 00000000

Symbol: RESET
   Definitions
      At line 36 in file startup_at32m412_416.s
   Uses
      None
Comment: RESET unused
__Vectors 00000000

Symbol: __Vectors
   Definitions
      At line 41 in file startup_at32m412_416.s
   Uses
      At line 37 in file startup_at32m412_416.s
      At line 156 in file startup_at32m412_416.s

__Vectors_End 000001BC

Symbol: __Vectors_End
   Definitions
      At line 154 in file startup_at32m412_416.s
   Uses
      At line 38 in file startup_at32m412_416.s
      At line 156 in file startup_at32m412_416.s

3 symbols



ARM Macro Assembler    Page 1 Alphabetic symbol ordering
Relocatable symbols

.text 00000000

Symbol: .text
   Definitions
      At line 158 in file startup_at32m412_416.s
   Uses
      None
Comment: .text unused
ADC1_2_IRQHandler 0000001A

Symbol: ADC1_2_IRQHandler
   Definitions
      At line 279 in file startup_at32m412_416.s
   Uses
      At line 77 in file startup_at32m412_416.s
      At line 234 in file startup_at32m412_416.s

BusFault_Handler 0000000E

Symbol: BusFault_Handler
   Definitions
      At line 188 in file startup_at32m412_416.s
   Uses
      At line 46 in file startup_at32m412_416.s
      At line 189 in file startup_at32m412_416.s

CAN1_ERR_IRQHandler 0000001A

Symbol: CAN1_ERR_IRQHandler
   Definitions
      At line 283 in file startup_at32m412_416.s
   Uses
      At line 81 in file startup_at32m412_416.s
      At line 238 in file startup_at32m412_416.s

CAN1_RX_IRQHandler 0000001A

Symbol: CAN1_RX_IRQHandler
   Definitions
      At line 281 in file startup_at32m412_416.s
   Uses
      At line 79 in file startup_at32m412_416.s
      At line 236 in file startup_at32m412_416.s

CAN1_STAT_IRQHandler 0000001A

Symbol: CAN1_STAT_IRQHandler
   Definitions
      At line 282 in file startup_at32m412_416.s
   Uses
      At line 80 in file startup_at32m412_416.s
      At line 237 in file startup_at32m412_416.s

CAN1_TX_IRQHandler 0000001A

Symbol: CAN1_TX_IRQHandler
   Definitions
      At line 280 in file startup_at32m412_416.s
   Uses



ARM Macro Assembler    Page 2 Alphabetic symbol ordering
Relocatable symbols

      At line 78 in file startup_at32m412_416.s
      At line 235 in file startup_at32m412_416.s

CMP2_1_IRQHandler 0000001A

Symbol: CMP2_1_IRQHandler
   Definitions
      At line 303 in file startup_at32m412_416.s
   Uses
      At line 123 in file startup_at32m412_416.s
      At line 258 in file startup_at32m412_416.s

CRM_IRQHandler 0000001A

Symbol: CRM_IRQHandler
   Definitions
      At line 266 in file startup_at32m412_416.s
   Uses
      At line 64 in file startup_at32m412_416.s
      At line 221 in file startup_at32m412_416.s

DMA1_Channel1_IRQHandler 0000001A

Symbol: DMA1_Channel1_IRQHandler
   Definitions
      At line 272 in file startup_at32m412_416.s
   Uses
      At line 70 in file startup_at32m412_416.s
      At line 227 in file startup_at32m412_416.s

DMA1_Channel2_IRQHandler 0000001A

Symbol: DMA1_Channel2_IRQHandler
   Definitions
      At line 273 in file startup_at32m412_416.s
   Uses
      At line 71 in file startup_at32m412_416.s
      At line 228 in file startup_at32m412_416.s

DMA1_Channel3_IRQHandler 0000001A

Symbol: DMA1_Channel3_IRQHandler
   Definitions
      At line 274 in file startup_at32m412_416.s
   Uses
      At line 72 in file startup_at32m412_416.s
      At line 229 in file startup_at32m412_416.s

DMA1_Channel4_IRQHandler 0000001A

Symbol: DMA1_Channel4_IRQHandler
   Definitions
      At line 275 in file startup_at32m412_416.s
   Uses
      At line 73 in file startup_at32m412_416.s
      At line 230 in file startup_at32m412_416.s

DMA1_Channel5_IRQHandler 0000001A




ARM Macro Assembler    Page 3 Alphabetic symbol ordering
Relocatable symbols

Symbol: DMA1_Channel5_IRQHandler
   Definitions
      At line 276 in file startup_at32m412_416.s
   Uses
      At line 74 in file startup_at32m412_416.s
      At line 231 in file startup_at32m412_416.s

DMA1_Channel6_IRQHandler 0000001A

Symbol: DMA1_Channel6_IRQHandler
   Definitions
      At line 277 in file startup_at32m412_416.s
   Uses
      At line 75 in file startup_at32m412_416.s
      At line 232 in file startup_at32m412_416.s

DMA1_Channel7_IRQHandler 0000001A

Symbol: DMA1_Channel7_IRQHandler
   Definitions
      At line 278 in file startup_at32m412_416.s
   Uses
      At line 76 in file startup_at32m412_416.s
      At line 233 in file startup_at32m412_416.s

DMAMUX_IRQHandler 0000001A

Symbol: DMAMUX_IRQHandler
   Definitions
      At line 305 in file startup_at32m412_416.s
   Uses
      At line 153 in file startup_at32m412_416.s
      At line 260 in file startup_at32m412_416.s

DebugMon_Handler 00000014

Symbol: DebugMon_Handler
   Definitions
      At line 202 in file startup_at32m412_416.s
   Uses
      At line 53 in file startup_at32m412_416.s
      At line 203 in file startup_at32m412_416.s

Default_Handler 0000001A

Symbol: Default_Handler
   Definitions
      At line 215 in file startup_at32m412_416.s
   Uses
      None
Comment: Default_Handler unused
ERTCAlarm_IRQHandler 0000001A

Symbol: ERTCAlarm_IRQHandler
   Definitions
      At line 300 in file startup_at32m412_416.s
   Uses
      At line 100 in file startup_at32m412_416.s
      At line 255 in file startup_at32m412_416.s



ARM Macro Assembler    Page 4 Alphabetic symbol ordering
Relocatable symbols


ERTC_WKUP_IRQHandler 0000001A

Symbol: ERTC_WKUP_IRQHandler
   Definitions
      At line 264 in file startup_at32m412_416.s
   Uses
      At line 62 in file startup_at32m412_416.s
      At line 219 in file startup_at32m412_416.s

EXINT0_IRQHandler 0000001A

Symbol: EXINT0_IRQHandler
   Definitions
      At line 267 in file startup_at32m412_416.s
   Uses
      At line 65 in file startup_at32m412_416.s
      At line 222 in file startup_at32m412_416.s

EXINT15_10_IRQHandler 0000001A

Symbol: EXINT15_10_IRQHandler
   Definitions
      At line 299 in file startup_at32m412_416.s
   Uses
      At line 99 in file startup_at32m412_416.s
      At line 254 in file startup_at32m412_416.s

EXINT1_IRQHandler 0000001A

Symbol: EXINT1_IRQHandler
   Definitions
      At line 268 in file startup_at32m412_416.s
   Uses
      At line 66 in file startup_at32m412_416.s
      At line 223 in file startup_at32m412_416.s

EXINT2_IRQHandler 0000001A

Symbol: EXINT2_IRQHandler
   Definitions
      At line 269 in file startup_at32m412_416.s
   Uses
      At line 67 in file startup_at32m412_416.s
      At line 224 in file startup_at32m412_416.s

EXINT3_IRQHandler 0000001A

Symbol: EXINT3_IRQHandler
   Definitions
      At line 270 in file startup_at32m412_416.s
   Uses
      At line 68 in file startup_at32m412_416.s
      At line 225 in file startup_at32m412_416.s

EXINT4_IRQHandler 0000001A

Symbol: EXINT4_IRQHandler
   Definitions



ARM Macro Assembler    Page 5 Alphabetic symbol ordering
Relocatable symbols

      At line 271 in file startup_at32m412_416.s
   Uses
      At line 69 in file startup_at32m412_416.s
      At line 226 in file startup_at32m412_416.s

EXINT9_5_IRQHandler 0000001A

Symbol: EXINT9_5_IRQHandler
   Definitions
      At line 284 in file startup_at32m412_416.s
   Uses
      At line 82 in file startup_at32m412_416.s
      At line 239 in file startup_at32m412_416.s

FLASH_IRQHandler 0000001A

Symbol: FLASH_IRQHandler
   Definitions
      At line 265 in file startup_at32m412_416.s
   Uses
      At line 63 in file startup_at32m412_416.s
      At line 220 in file startup_at32m412_416.s

FPU_IRQHandler 0000001A

Symbol: FPU_IRQHandler
   Definitions
      At line 304 in file startup_at32m412_416.s
   Uses
      At line 140 in file startup_at32m412_416.s
      At line 259 in file startup_at32m412_416.s

HardFault_Handler 0000000A

Symbol: HardFault_Handler
   Definitions
      At line 178 in file startup_at32m412_416.s
   Uses
      At line 44 in file startup_at32m412_416.s
      At line 179 in file startup_at32m412_416.s

I2C1_ERR_IRQHandler 0000001A

Symbol: I2C1_ERR_IRQHandler
   Definitions
      At line 292 in file startup_at32m412_416.s
   Uses
      At line 91 in file startup_at32m412_416.s
      At line 247 in file startup_at32m412_416.s

I2C1_EVT_IRQHandler 0000001A

Symbol: I2C1_EVT_IRQHandler
   Definitions
      At line 291 in file startup_at32m412_416.s
   Uses
      At line 90 in file startup_at32m412_416.s
      At line 246 in file startup_at32m412_416.s




ARM Macro Assembler    Page 6 Alphabetic symbol ordering
Relocatable symbols

I2C2_ERR_IRQHandler 0000001A

Symbol: I2C2_ERR_IRQHandler
   Definitions
      At line 294 in file startup_at32m412_416.s
   Uses
      At line 93 in file startup_at32m412_416.s
      At line 249 in file startup_at32m412_416.s

I2C2_EVT_IRQHandler 0000001A

Symbol: I2C2_EVT_IRQHandler
   Definitions
      At line 293 in file startup_at32m412_416.s
   Uses
      At line 92 in file startup_at32m412_416.s
      At line 248 in file startup_at32m412_416.s

MemManage_Handler 0000000C

Symbol: MemManage_Handler
   Definitions
      At line 183 in file startup_at32m412_416.s
   Uses
      At line 45 in file startup_at32m412_416.s
      At line 184 in file startup_at32m412_416.s

NMI_Handler 00000008

Symbol: NMI_Handler
   Definitions
      At line 173 in file startup_at32m412_416.s
   Uses
      At line 43 in file startup_at32m412_416.s
      At line 174 in file startup_at32m412_416.s

PVM_IRQHandler 0000001A

Symbol: PVM_IRQHandler
   Definitions
      At line 262 in file startup_at32m412_416.s
   Uses
      At line 60 in file startup_at32m412_416.s
      At line 217 in file startup_at32m412_416.s

PendSV_Handler 00000016

Symbol: PendSV_Handler
   Definitions
      At line 206 in file startup_at32m412_416.s
   Uses
      At line 55 in file startup_at32m412_416.s
      At line 207 in file startup_at32m412_416.s

Reset_Handler 00000000

Symbol: Reset_Handler
   Definitions
      At line 161 in file startup_at32m412_416.s



ARM Macro Assembler    Page 7 Alphabetic symbol ordering
Relocatable symbols

   Uses
      At line 42 in file startup_at32m412_416.s
      At line 162 in file startup_at32m412_416.s

SPI1_IRQHandler 0000001A

Symbol: SPI1_IRQHandler
   Definitions
      At line 295 in file startup_at32m412_416.s
   Uses
      At line 94 in file startup_at32m412_416.s
      At line 250 in file startup_at32m412_416.s

SPI2_IRQHandler 0000001A

Symbol: SPI2_IRQHandler
   Definitions
      At line 296 in file startup_at32m412_416.s
   Uses
      At line 95 in file startup_at32m412_416.s
      At line 251 in file startup_at32m412_416.s

SVC_Handler 00000012

Symbol: SVC_Handler
   Definitions
      At line 197 in file startup_at32m412_416.s
   Uses
      At line 52 in file startup_at32m412_416.s
      At line 198 in file startup_at32m412_416.s

SysTick_Handler 00000018

Symbol: SysTick_Handler
   Definitions
      At line 210 in file startup_at32m412_416.s
   Uses
      At line 56 in file startup_at32m412_416.s
      At line 211 in file startup_at32m412_416.s

TAMP_STAMP_IRQHandler 0000001A

Symbol: TAMP_STAMP_IRQHandler
   Definitions
      At line 263 in file startup_at32m412_416.s
   Uses
      At line 61 in file startup_at32m412_416.s
      At line 218 in file startup_at32m412_416.s

TMR1_BRK_TMR9_IRQHandler 0000001A

Symbol: TMR1_BRK_TMR9_IRQHandler
   Definitions
      At line 285 in file startup_at32m412_416.s
   Uses
      At line 83 in file startup_at32m412_416.s
      At line 240 in file startup_at32m412_416.s

TMR1_CH_IRQHandler 0000001A



ARM Macro Assembler    Page 8 Alphabetic symbol ordering
Relocatable symbols


Symbol: TMR1_CH_IRQHandler
   Definitions
      At line 288 in file startup_at32m412_416.s
   Uses
      At line 86 in file startup_at32m412_416.s
      At line 243 in file startup_at32m412_416.s

TMR1_OVF_TMR10_IRQHandler 0000001A

Symbol: TMR1_OVF_TMR10_IRQHandler
   Definitions
      At line 286 in file startup_at32m412_416.s
   Uses
      At line 84 in file startup_at32m412_416.s
      At line 241 in file startup_at32m412_416.s

TMR1_TRG_HALL_TMR11_IRQHandler 0000001A

Symbol: TMR1_TRG_HALL_TMR11_IRQHandler
   Definitions
      At line 287 in file startup_at32m412_416.s
   Uses
      At line 85 in file startup_at32m412_416.s
      At line 242 in file startup_at32m412_416.s

TMR3_GLOBAL_IRQHandler 0000001A

Symbol: TMR3_GLOBAL_IRQHandler
   Definitions
      At line 289 in file startup_at32m412_416.s
   Uses
      At line 88 in file startup_at32m412_416.s
      At line 244 in file startup_at32m412_416.s

TMR4_GLOBAL_IRQHandler 0000001A

Symbol: TMR4_GLOBAL_IRQHandler
   Definitions
      At line 290 in file startup_at32m412_416.s
   Uses
      At line 89 in file startup_at32m412_416.s
      At line 245 in file startup_at32m412_416.s

TMR6_DAC_GLOBAL_IRQHandler 0000001A

Symbol: TMR6_DAC_GLOBAL_IRQHandler
   Definitions
      At line 301 in file startup_at32m412_416.s
   Uses
      At line 113 in file startup_at32m412_416.s
      At line 256 in file startup_at32m412_416.s

TMR7_GLOBAL_IRQHandler 0000001A

Symbol: TMR7_GLOBAL_IRQHandler
   Definitions
      At line 302 in file startup_at32m412_416.s
   Uses



ARM Macro Assembler    Page 9 Alphabetic symbol ordering
Relocatable symbols

      At line 114 in file startup_at32m412_416.s
      At line 257 in file startup_at32m412_416.s

USART1_IRQHandler 0000001A

Symbol: USART1_IRQHandler
   Definitions
      At line 297 in file startup_at32m412_416.s
   Uses
      At line 96 in file startup_at32m412_416.s
      At line 252 in file startup_at32m412_416.s

USART2_IRQHandler 0000001A

Symbol: USART2_IRQHandler
   Definitions
      At line 298 in file startup_at32m412_416.s
   Uses
      At line 97 in file startup_at32m412_416.s
      At line 253 in file startup_at32m412_416.s

UsageFault_Handler 00000010

Symbol: UsageFault_Handler
   Definitions
      At line 193 in file startup_at32m412_416.s
   Uses
      At line 47 in file startup_at32m412_416.s
      At line 194 in file startup_at32m412_416.s

WWDT_IRQHandler 0000001A

Symbol: WWDT_IRQHandler
   Definitions
      At line 261 in file startup_at32m412_416.s
   Uses
      At line 59 in file startup_at32m412_416.s
      At line 216 in file startup_at32m412_416.s

57 symbols



ARM Macro Assembler    Page 1 Alphabetic symbol ordering
Absolute symbols

Heap_Size 00000200

Symbol: Heap_Size
   Definitions
      At line 24 in file startup_at32m412_416.s
   Uses
      At line 28 in file startup_at32m412_416.s
Comment: Heap_Size used once
Stack_Size 00000400

Symbol: Stack_Size
   Definitions
      At line 14 in file startup_at32m412_416.s
   Uses
      At line 17 in file startup_at32m412_416.s
Comment: Stack_Size used once
__Vectors_Size 000001BC

Symbol: __Vectors_Size
   Definitions
      At line 156 in file startup_at32m412_416.s
   Uses
      At line 39 in file startup_at32m412_416.s
Comment: __Vectors_Size used once
3 symbols



ARM Macro Assembler    Page 1 Alphabetic symbol ordering
External symbols

SystemInit 00000000

Symbol: SystemInit
   Definitions
      At line 164 in file startup_at32m412_416.s
   Uses
      At line 165 in file startup_at32m412_416.s
Comment: SystemInit used once
__main 00000000

Symbol: __main
   Definitions
      At line 163 in file startup_at32m412_416.s
   Uses
      At line 167 in file startup_at32m412_416.s
Comment: __main used once
2 symbols
409 symbols in table
